0 info it worked if it ends with ok
1 verbose cli [ '/usr/local/bin/node', '/usr/local/bin/npm', 'run', 'lint' ]
2 info using npm@3.7.3
3 info using node@v5.8.0
4 verbose run-script [ 'prelint', 'lint', 'postlint' ]
5 info lifecycle munich2016@0.0.0~prelint: munich2016@0.0.0
6 silly lifecycle munich2016@0.0.0~prelint: no script for prelint, continuing
7 info lifecycle munich2016@0.0.0~lint: munich2016@0.0.0
8 verbose lifecycle munich2016@0.0.0~lint: unsafe-perm in lifecycle true
9 verbose lifecycle munich2016@0.0.0~lint: PATH: /usr/local/lib/node_modules/npm/bin/node-gyp-bin:/Users/lachlankermode/code/other/rushnew/node_modules/.bin:/usr/local/bin:/usr/local/bin:/usr/local/sbin:/usr/bin:/bin:/sbin:/usr/sbin
10 verbose lifecycle munich2016@0.0.0~lint: CWD: /Users/lachlankermode/code/other/rushnew
11 silly lifecycle munich2016@0.0.0~lint: Args: [ '-c', 'eslint src/**/*.js' ]
12 silly lifecycle munich2016@0.0.0~lint: Returned: code: 1  signal: null
13 info lifecycle munich2016@0.0.0~lint: Failed to exec lint script
14 verbose stack Error: munich2016@0.0.0 lint: `eslint src/**/*.js`
14 verbose stack Exit status 1
14 verbose stack     at EventEmitter.<anonymous> (/usr/local/lib/node_modules/npm/lib/utils/lifecycle.js:239:16)
14 verbose stack     at emitTwo (events.js:100:13)
14 verbose stack     at EventEmitter.emit (events.js:185:7)
14 verbose stack     at ChildProcess.<anonymous> (/usr/local/lib/node_modules/npm/lib/utils/spawn.js:24:14)
14 verbose stack     at emitTwo (events.js:100:13)
14 verbose stack     at ChildProcess.emit (events.js:185:7)
14 verbose stack     at maybeClose (internal/child_process.js:850:16)
14 verbose stack     at Process.ChildProcess._handle.onexit (internal/child_process.js:215:5)
15 verbose pkgid munich2016@0.0.0
16 verbose cwd /Users/lachlankermode/code/other/rushnew
17 error Darwin 15.4.0
18 error argv "/usr/local/bin/node" "/usr/local/bin/npm" "run" "lint"
19 error node v5.8.0
20 error npm  v3.7.3
21 error code ELIFECYCLE
22 error munich2016@0.0.0 lint: `eslint src/**/*.js`
22 error Exit status 1
23 error Failed at the munich2016@0.0.0 lint script 'eslint src/**/*.js'.
23 error Make sure you have the latest version of node.js and npm installed.
23 error If you do, this is most likely a problem with the munich2016 package,
23 error not with npm itself.
23 error Tell the author that this fails on your system:
23 error     eslint src/**/*.js
23 error You can get information on how to open an issue for this project with:
23 error     npm bugs munich2016
23 error Or if that isn't available, you can get their info via:
23 error     npm owner ls munich2016
23 error There is likely additional logging output above.
24 verbose exit [ 1, true ]
